2020-10-14T02:01:09+00:00 CRITICAL syntax error, unexpected 'ho' (T_STRING) in F:\xampp\htdocs\1\wp-content\themes\store\front-page.php on line 111

2020-10-14T02:01:12+00:00 CRITICAL syntax error, unexpected 'ho' (T_STRING) in F:\xampp\htdocs\1\wp-content\themes\store\front-page.php on line 111

2020-10-14T04:30:18+00:00 CRITICAL syntax error, unexpected end of file in F:\xampp\htdocs\1\wp-content\themes\store\front-page.php on line 505

2020-10-14T04:35:46+00:00 CRITICAL Uncaught Error: Cannot use object of type WP_Post as array in F:\xampp\htdocs\1\wp-content\themes\store\front-page.php:109
Stack trace:
#0 F:\xampp\htdocs\1\wp-includes\template-loader.php(106): include()
#1 F:\xampp\htdocs\1\wp-blog-header.php(19): require_once('F:\\xampp\\htdocs...')
#2 F:\xampp\htdocs\1\index.php(17): require('F:\\xampp\\htdocs...')
#3 {main}
  thrown in F:\xampp\htdocs\1\wp-content\themes\store\front-page.php on line 109

2020-10-14T04:39:14+00:00 CRITICAL Uncaught Error: Cannot use object of type WP_Post as array in F:\xampp\htdocs\1\wp-content\themes\store\front-page.php:109
Stack trace:
#0 F:\xampp\htdocs\1\wp-includes\template-loader.php(106): include()
#1 F:\xampp\htdocs\1\wp-blog-header.php(19): require_once('F:\\xampp\\htdocs...')
#2 F:\xampp\htdocs\1\index.php(17): require('F:\\xampp\\htdocs...')
#3 {main}
  thrown in F:\xampp\htdocs\1\wp-content\themes\store\front-page.php on line 109

2020-10-14T05:32:28+00:00 CRITICAL Uncaught Error: Call to undefined function get_group() in F:\xampp\htdocs\1\wp-content\themes\store\front-page.php:188
Stack trace:
#0 F:\xampp\htdocs\1\wp-includes\template-loader.php(106): include()
#1 F:\xampp\htdocs\1\wp-blog-header.php(19): require_once('F:\\xampp\\htdocs...')
#2 F:\xampp\htdocs\1\index.php(17): require('F:\\xampp\\htdocs...')
#3 {main}
  thrown in F:\xampp\htdocs\1\wp-content\themes\store\front-page.php on line 188

2020-10-14T07:02:55+00:00 CRITICAL syntax error, unexpected '' left at this discount'' (T_CONSTANT_ENCAPSED_STRING), expecting ',' or ';' in F:\xampp\htdocs\1\wp-content\themes\store\front-page.php on line 205

